<?xml version="1.0" encoding="UTF-8"?>
<!-- Generated by org.testng.reporters.JUnitReportReporter -->
<testsuite skipped="0" hostname="NaYeL" name="org.example.Runner.Runner" tests="6" failures="0" timestamp="2022-07-25T02:45:54 EET" time="621.892" errors="0">
  <testcase name="runScenario" time="67.788" classname="org.example.Runner.Runner"/>
  <system-out/>
  <testcase name="runScenario" time="150.674" classname="org.example.Runner.Runner"/>
  <system-out/>
  <testcase name="runScenario" time="71.230" classname="org.example.Runner.Runner"/>
  <system-out/>
  <testcase name="runScenario" time="141.171" classname="org.example.Runner.Runner"/>
  <system-out/>
  <testcase name="runScenario" time="139.429" classname="org.example.Runner.Runner"/>
  <system-out/>
  <testcase name="runScenario" time="51.600" classname="org.example.Runner.Runner"/>
  <system-out/>
</testsuite> <!-- org.example.Runner.Runner -->
